Info: Starting: Create block symbol file (.bsf)
Info: qsys-generate D:\Users\victo\Desktop\Arquivos\GitHub\SD-Prob1\arqt.qsys --block-symbol-file --output-directory=D:\Users\victo\Desktop\Arquivos\GitHub\SD-Prob1\arqt --family="Cyclone IV E" --part=EP4CE6E22C8
Progress: Loading SD-Prob1/arqt.qsys
Progress: Reading input file
Progress: Adding LCD_0 [LCD 1.0]
Progress: Parameterizing module LCD_0
Progress: Adding buttons [altera_avalon_pio 16.1]
Progress: Parameterizing module buttons
Progress: Adding clk_0 [clock_source 16.1]
Progress: Parameterizing module clk_0
Progress: Adding jtag_uart_0 [altera_avalon_jtag_uart 16.1]
Progress: Parameterizing module jtag_uart_0
Progress: Adding leds [altera_avalon_pio 16.1]
Progress: Parameterizing module leds
Progress: Adding memoria [altera_avalon_onchip_memory2 16.1]
Progress: Parameterizing module memoria
Progress: Adding nios2_gen2_0 [altera_nios2_gen2 16.1]
Progress: Parameterizing module nios2_gen2_0
Progress: Building connections
Progress: Parameterizing connections
Progress: Validating
Progress: Done reading input file
Info: arqt.buttons: PIO inputs are not hardwired in test bench. Undefined values will be read from PIO inputs during simulation.
Info: arqt.jtag_uart_0: JTAG UART IP input clock need to be at least double (2x) the operating frequency of JTAG TCK on board
Info: qsys-generate succeeded.
Info: Finished: Create block symbol file (.bsf)
Info: 
Info: Starting: Create HDL design files for synthesis
Info: qsys-generate D:\Users\victo\Desktop\Arquivos\GitHub\SD-Prob1\arqt.qsys --synthesis=VERILOG --output-directory=D:\Users\victo\Desktop\Arquivos\GitHub\SD-Prob1\arqt\synthesis --family="Cyclone IV E" --part=EP4CE6E22C8
Progress: Loading SD-Prob1/arqt.qsys
Progress: Reading input file
Progress: Adding LCD_0 [LCD 1.0]
Progress: Parameterizing module LCD_0
Progress: Adding buttons [altera_avalon_pio 16.1]
Progress: Parameterizing module buttons
Progress: Adding clk_0 [clock_source 16.1]
Progress: Parameterizing module clk_0
Progress: Adding jtag_uart_0 [altera_avalon_jtag_uart 16.1]
Progress: Parameterizing module jtag_uart_0
Progress: Adding leds [altera_avalon_pio 16.1]
Progress: Parameterizing module leds
Progress: Adding memoria [altera_avalon_onchip_memory2 16.1]
Progress: Parameterizing module memoria
Progress: Adding nios2_gen2_0 [altera_nios2_gen2 16.1]
Progress: Parameterizing module nios2_gen2_0
Progress: Building connections
Progress: Parameterizing connections
Progress: Validating
Progress: Done reading input file
Info: arqt.buttons: PIO inputs are not hardwired in test bench. Undefined values will be read from PIO inputs during simulation.
Info: arqt.jtag_uart_0: JTAG UART IP input clock need to be at least double (2x) the operating frequency of JTAG TCK on board
Info: arqt: Generating arqt "arqt" for QUARTUS_SYNTH
Warning: arqt: "No matching role found for nios2_gen2_0_custom_instruction_master_multi_xconnect:ci_slave:ci_slave_ipending (ipending)"
Warning: arqt: "No matching role found for nios2_gen2_0_custom_instruction_master_multi_xconnect:ci_slave:ci_slave_estatus (estatus)"
Warning: arqt: "No matching role found for nios2_gen2_0_custom_instruction_master_multi_slave_translator0:ci_master:ci_master_result (result)"
Warning: arqt: "No matching role found for nios2_gen2_0_custom_instruction_master_multi_slave_translator0:ci_master:ci_master_reset (reset)"
Info: LCD_0: "arqt" instantiated LCD "LCD_0"
Info: buttons: Starting RTL generation for module 'arqt_buttons'
Info: buttons:   Generation command is [exec C:/intelfpga_lite/16.1/quartus/bin64/perl/bin/perl.exe -I C:/intelfpga_lite/16.1/quartus/bin64/perl/lib -I C:/intelfpga_lite/16.1/quartus/sopc_builder/bin/europa -I C:/intelfpga_lite/16.1/quartus/sopc_builder/bin/perl_lib -I C:/intelfpga_lite/16.1/quartus/sopc_builder/bin -I C:/intelfpga_lite/16.1/quartus/../ip/altera/sopc_builder_ip/common -I C:/intelfpga_lite/16.1/quartus/../ip/altera/sopc_builder_ip/altera_avalon_pio -- C:/intelfpga_lite/16.1/quartus/../ip/altera/sopc_builder_ip/altera_avalon_pio/generate_rtl.pl --name=arqt_buttons --dir=C:/Users/victo/AppData/Local/Temp/alt7997_4010105970144805226.dir/0003_buttons_gen/ --quartus_dir=C:/intelfpga_lite/16.1/quartus --verilog --config=C:/Users/victo/AppData/Local/Temp/alt7997_4010105970144805226.dir/0003_buttons_gen//arqt_buttons_component_configuration.pl  --do_build_sim=0  ]
Info: buttons: Done RTL generation for module 'arqt_buttons'
Info: buttons: "arqt" instantiated altera_avalon_pio "buttons"
Info: jtag_uart_0: Starting RTL generation for module 'arqt_jtag_uart_0'
Info: jtag_uart_0:   Generation command is [exec C:/intelfpga_lite/16.1/quartus/bin64/perl/bin/perl.exe -I C:/intelfpga_lite/16.1/quartus/bin64/perl/lib -I C:/intelfpga_lite/16.1/quartus/sopc_builder/bin/europa -I C:/intelfpga_lite/16.1/quartus/sopc_builder/bin/perl_lib -I C:/intelfpga_lite/16.1/quartus/sopc_builder/bin -I C:/intelfpga_lite/16.1/quartus/../ip/altera/sopc_builder_ip/common -I C:/intelfpga_lite/16.1/quartus/../ip/altera/sopc_builder_ip/altera_avalon_jtag_uart -- C:/intelfpga_lite/16.1/quartus/../ip/altera/sopc_builder_ip/altera_avalon_jtag_uart/generate_rtl.pl --name=arqt_jtag_uart_0 --dir=C:/Users/victo/AppData/Local/Temp/alt7997_4010105970144805226.dir/0004_jtag_uart_0_gen/ --quartus_dir=C:/intelfpga_lite/16.1/quartus --verilog --config=C:/Users/victo/AppData/Local/Temp/alt7997_4010105970144805226.dir/0004_jtag_uart_0_gen//arqt_jtag_uart_0_component_configuration.pl  --do_build_sim=0  ]
Info: jtag_uart_0: Done RTL generation for module 'arqt_jtag_uart_0'
Info: jtag_uart_0: "arqt" instantiated altera_avalon_jtag_uart "jtag_uart_0"
Info: leds: Starting RTL generation for module 'arqt_leds'
Info: leds:   Generation command is [exec C:/intelfpga_lite/16.1/quartus/bin64/perl/bin/perl.exe -I C:/intelfpga_lite/16.1/quartus/bin64/perl/lib -I C:/intelfpga_lite/16.1/quartus/sopc_builder/bin/europa -I C:/intelfpga_lite/16.1/quartus/sopc_builder/bin/perl_lib -I C:/intelfpga_lite/16.1/quartus/sopc_builder/bin -I C:/intelfpga_lite/16.1/quartus/../ip/altera/sopc_builder_ip/common -I C:/intelfpga_lite/16.1/quartus/../ip/altera/sopc_builder_ip/altera_avalon_pio -- C:/intelfpga_lite/16.1/quartus/../ip/altera/sopc_builder_ip/altera_avalon_pio/generate_rtl.pl --name=arqt_leds --dir=C:/Users/victo/AppData/Local/Temp/alt7997_4010105970144805226.dir/0005_leds_gen/ --quartus_dir=C:/intelfpga_lite/16.1/quartus --verilog --config=C:/Users/victo/AppData/Local/Temp/alt7997_4010105970144805226.dir/0005_leds_gen//arqt_leds_component_configuration.pl  --do_build_sim=0  ]
Info: leds: Done RTL generation for module 'arqt_leds'
Info: leds: "arqt" instantiated altera_avalon_pio "leds"
Info: memoria: Starting RTL generation for module 'arqt_memoria'
Info: memoria:   Generation command is [exec C:/intelfpga_lite/16.1/quartus/bin64/perl/bin/perl.exe -I C:/intelfpga_lite/16.1/quartus/bin64/perl/lib -I C:/intelfpga_lite/16.1/quartus/sopc_builder/bin/europa -I C:/intelfpga_lite/16.1/quartus/sopc_builder/bin/perl_lib -I C:/intelfpga_lite/16.1/quartus/sopc_builder/bin -I C:/intelfpga_lite/16.1/quartus/../ip/altera/sopc_builder_ip/common -I C:/intelfpga_lite/16.1/quartus/../ip/altera/sopc_builder_ip/altera_avalon_onchip_memory2 -- C:/intelfpga_lite/16.1/quartus/../ip/altera/sopc_builder_ip/altera_avalon_onchip_memory2/generate_rtl.pl --name=arqt_memoria --dir=C:/Users/victo/AppData/Local/Temp/alt7997_4010105970144805226.dir/0006_memoria_gen/ --quartus_dir=C:/intelfpga_lite/16.1/quartus --verilog --config=C:/Users/victo/AppData/Local/Temp/alt7997_4010105970144805226.dir/0006_memoria_gen//arqt_memoria_component_configuration.pl  --do_build_sim=0  ]
Info: memoria: Done RTL generation for module 'arqt_memoria'
Info: memoria: "arqt" instantiated altera_avalon_onchip_memory2 "memoria"
Info: nios2_gen2_0: "arqt" instantiated altera_nios2_gen2 "nios2_gen2_0"
Info: nios2_gen2_0_custom_instruction_master_translator: "arqt" instantiated altera_customins_master_translator "nios2_gen2_0_custom_instruction_master_translator"
Info: nios2_gen2_0_custom_instruction_master_multi_xconnect: "arqt" instantiated altera_customins_xconnect "nios2_gen2_0_custom_instruction_master_multi_xconnect"
Info: nios2_gen2_0_custom_instruction_master_multi_slave_translator0: "arqt" instantiated altera_customins_slave_translator "nios2_gen2_0_custom_instruction_master_multi_slave_translator0"
Info: avalon_st_adapter: Inserting error_adapter: error_adapter_0
Info: avalon_st_adapter_001: Inserting error_adapter: error_adapter_0
Info: avalon_st_adapter_002: Inserting error_adapter: error_adapter_0
Info: avalon_st_adapter_003: Inserting error_adapter: error_adapter_0
Info: avalon_st_adapter_004: Inserting error_adapter: error_adapter_0
Info: mm_interconnect_0: "arqt" instantiated altera_mm_interconnect "mm_interconnect_0"
Info: irq_mapper: "arqt" instantiated altera_irq_mapper "irq_mapper"
Info: rst_controller: "arqt" instantiated altera_reset_controller "rst_controller"
Info: cpu: Starting RTL generation for module 'arqt_nios2_gen2_0_cpu'
Info: cpu:   Generation command is [exec C:/intelFPGA_lite/16.1/quartus/bin64//eperlcmd.exe -I C:/intelFPGA_lite/16.1/quartus/bin64//perl/lib -I C:/intelfpga_lite/16.1/quartus/sopc_builder/bin/europa -I C:/intelfpga_lite/16.1/quartus/sopc_builder/bin/perl_lib -I C:/intelfpga_lite/16.1/quartus/sopc_builder/bin -I C:/intelfpga_lite/16.1/quartus/../ip/altera/nios2_ip/altera_nios2_gen2/cpu_lib -I C:/intelfpga_lite/16.1/quartus/../ip/altera/nios2_ip/altera_nios2_gen2/nios_lib -I C:/intelfpga_lite/16.1/quartus/../ip/altera/nios2_ip/altera_nios2_gen2 -I C:/intelfpga_lite/16.1/quartus/../ip/altera/nios2_ip/altera_nios2_gen2 -- C:/intelfpga_lite/16.1/quartus/../ip/altera/nios2_ip/altera_nios2_gen2/generate_rtl.epl --name=arqt_nios2_gen2_0_cpu --dir=C:/Users/victo/AppData/Local/Temp/alt7997_4010105970144805226.dir/0012_cpu_gen/ --quartus_bindir=C:/intelFPGA_lite/16.1/quartus/bin64/ --verilog --config=C:/Users/victo/AppData/Local/Temp/alt7997_4010105970144805226.dir/0012_cpu_gen//arqt_nios2_gen2_0_cpu_processor_configuration.pl  --do_build_sim=0  ]
Info: cpu: # 2019.04.10 22:24:29 (*) Starting Nios II generation
Info: cpu: # 2019.04.10 22:24:29 (*)   Checking for plaintext license.
Info: cpu: # 2019.04.10 22:24:30 (*)   Couldn't query license setup in Quartus directory C:/intelFPGA_lite/16.1/quartus/bin64/
Info: cpu: # 2019.04.10 22:24:30 (*)   Defaulting to contents of LM_LICENSE_FILE environment variable
Info: cpu: # 2019.04.10 22:24:30 (*)   LM_LICENSE_FILE environment variable is empty
Info: cpu: # 2019.04.10 22:24:30 (*)   Plaintext license not found.
Info: cpu: # 2019.04.10 22:24:30 (*)   No license required to generate encrypted Nios II/e.
Info: cpu: # 2019.04.10 22:24:30 (*)   Elaborating CPU configuration settings
Info: cpu: # 2019.04.10 22:24:30 (*)   Creating all objects for CPU
Info: cpu: # 2019.04.10 22:24:32 (*)   Generating RTL from CPU objects
Info: cpu: # 2019.04.10 22:24:32 (*)   Creating plain-text RTL
Info: cpu: # 2019.04.10 22:24:33 (*) Done Nios II generation
Info: cpu: Done RTL generation for module 'arqt_nios2_gen2_0_cpu'
Info: cpu: "nios2_gen2_0" instantiated altera_nios2_gen2_unit "cpu"
Info: nios2_gen2_0_data_master_translator: "mm_interconnect_0" instantiated altera_merlin_master_translator "nios2_gen2_0_data_master_translator"
Info: jtag_uart_0_avalon_jtag_slave_translator: "mm_interconnect_0" instantiated altera_merlin_slave_translator "jtag_uart_0_avalon_jtag_slave_translator"
Info: nios2_gen2_0_data_master_agent: "mm_interconnect_0" instantiated altera_merlin_master_agent "nios2_gen2_0_data_master_agent"
Info: jtag_uart_0_avalon_jtag_slave_agent: "mm_interconnect_0" instantiated altera_merlin_slave_agent "jtag_uart_0_avalon_jtag_slave_agent"
Info: jtag_uart_0_avalon_jtag_slave_agent_rsp_fifo: "mm_interconnect_0" instantiated altera_avalon_sc_fifo "jtag_uart_0_avalon_jtag_slave_agent_rsp_fifo"
Info: router: "mm_interconnect_0" instantiated altera_merlin_router "router"
Info: router_002: "mm_interconnect_0" instantiated altera_merlin_router "router_002"
Info: cmd_demux: "mm_interconnect_0" instantiated altera_merlin_demultiplexer "cmd_demux"
Info: cmd_mux: "mm_interconnect_0" instantiated altera_merlin_multiplexer "cmd_mux"
Info: rsp_demux: "mm_interconnect_0" instantiated altera_merlin_demultiplexer "rsp_demux"
Info: rsp_mux: "mm_interconnect_0" instantiated altera_merlin_multiplexer "rsp_mux"
Info: Reusing file D:/Users/victo/Desktop/Arquivos/GitHub/SD-Prob1/arqt/synthesis/submodules/altera_merlin_arbitrator.sv
Info: avalon_st_adapter: "mm_interconnect_0" instantiated altera_avalon_st_adapter "avalon_st_adapter"
Info: error_adapter_0: "avalon_st_adapter" instantiated error_adapter "error_adapter_0"
Info: arqt: Done "arqt" with 27 modules, 39 files
Info: qsys-generate succeeded.
Info: Finished: Create HDL design files for synthesis
