Flow report for problema1
Wed May 08 08:43:27 2019
Quartus Prime Version 16.1.2 Build 203 01/18/2017 SJ Lite Edition


---------------------
; Table of Contents ;
---------------------
  1. Legal Notice
  2. Flow Summary
  3. Flow Settings
  4. Flow Non-Default Global Settings
  5. Flow Elapsed Time
  6. Flow OS Summary
  7. Flow Log
  8. Flow Messages
  9. Flow Suppressed Messages



----------------
; Legal Notice ;
----------------
Copyright (C) 2017  Intel Corporation. All rights reserved.
Your use of Intel Corporation's design tools, logic functions 
and other software and tools, and its AMPP partner logic 
functions, and any output files from any of the foregoing 
(including device programming or simulation files), and any 
associated documentation or information are expressly subject 
to the terms and conditions of the Intel Program License 
Subscription Agreement, the Intel Quartus Prime License Agreement,
the Intel MegaCore Function License Agreement, or other 
applicable license agreement, including, without limitation, 
that your use is for the sole purpose of programming logic 
devices manufactured by Intel and sold by Intel or its 
authorized distributors.  Please refer to the applicable 
agreement for further details.



+----------------------------------------------------------------------------------+
; Flow Summary                                                                     ;
+------------------------------------+---------------------------------------------+
; Flow Status                        ; Successful - Wed May 08 08:43:18 2019       ;
; Quartus Prime Version              ; 16.1.2 Build 203 01/18/2017 SJ Lite Edition ;
; Revision Name                      ; problema1                                   ;
; Top-level Entity Name              ; problema1                                   ;
; Family                             ; Cyclone IV E                                ;
; Device                             ; EP4CE6E22C8                                 ;
; Timing Models                      ; Final                                       ;
; Total logic elements               ; 1,734 / 6,272 ( 28 % )                      ;
;     Total combinational functions  ; 1,617 / 6,272 ( 26 % )                      ;
;     Dedicated logic registers      ; 931 / 6,272 ( 15 % )                        ;
; Total registers                    ; 931                                         ;
; Total pins                         ; 19 / 92 ( 21 % )                            ;
; Total virtual pins                 ; 0                                           ;
; Total memory bits                  ; 76,800 / 276,480 ( 28 % )                   ;
; Embedded Multiplier 9-bit elements ; 0 / 30 ( 0 % )                              ;
; Total PLLs                         ; 0 / 2 ( 0 % )                               ;
+------------------------------------+---------------------------------------------+


+-----------------------------------------+
; Flow Settings                           ;
+-------------------+---------------------+
; Option            ; Setting             ;
+-------------------+---------------------+
; Start date & time ; 05/08/2019 08:41:22 ;
; Main task         ; Compilation         ;
; Revision Name     ; problema1           ;
+-------------------+---------------------+


+-----------------------------------------------------------------------------------------------------------------------------------------+
; Flow Non-Default Global Settings                                                                                                        ;
+-------------------------------------+--------------------------------------------------------+---------------+-------------+------------+
; Assignment Name                     ; Value                                                  ; Default Value ; Entity Name ; Section Id ;
+-------------------------------------+--------------------------------------------------------+---------------+-------------+------------+
; COMPILER_SIGNATURE_ID               ; 110073158896957.155731568211568                        ; --            ; --          ; --         ;
; MAX_CORE_JUNCTION_TEMP              ; 85                                                     ; --            ; --          ; --         ;
; MIN_CORE_JUNCTION_TEMP              ; 0                                                      ; --            ; --          ; --         ;
; MISC_FILE                           ; arqt/synthesis/../arqt.cmp                             ; --            ; --          ; --         ;
; MISC_FILE                           ; arqt/synthesis/../../arqt.qsys                         ; --            ; --          ; --         ;
; NOMINAL_CORE_SUPPLY_VOLTAGE         ; 1.2V                                                   ; --            ; --          ; --         ;
; PARTITION_COLOR                     ; -- (Not supported for targeted family)                 ; --            ; --          ; Top        ;
; PARTITION_FITTER_PRESERVATION_LEVEL ; -- (Not supported for targeted family)                 ; --            ; --          ; Top        ;
; PARTITION_NETLIST_TYPE              ; -- (Not supported for targeted family)                 ; --            ; --          ; Top        ;
; POWER_BOARD_THERMAL_MODEL           ; None (CONSERVATIVE)                                    ; --            ; --          ; --         ;
; POWER_PRESET_COOLING_SOLUTION       ; 23 MM HEAT SINK WITH 200 LFPM AIRFLOW                  ; --            ; --          ; --         ;
; PROJECT_OUTPUT_DIRECTORY            ; output_files                                           ; --            ; --          ; --         ;
; SLD_FILE                            ; arqt/synthesis/arqt.regmap                             ; --            ; --          ; --         ;
; SLD_FILE                            ; arqt/synthesis/arqt.debuginfo                          ; --            ; --          ; --         ;
; SLD_INFO                            ; QSYS_NAME arqt HAS_SOPCINFO 1 GENERATION_ID 1554945849 ; --            ; arqt        ; --         ;
; SOPCINFO_FILE                       ; arqt/synthesis/../../arqt.sopcinfo                     ; --            ; --          ; --         ;
; SYNTHESIS_ONLY_QIP                  ; On                                                     ; --            ; --          ; --         ;
+-------------------------------------+--------------------------------------------------------+---------------+-------------+------------+


+-------------------------------------------------------------------------------------------------------------------------------+
; Flow Elapsed Time                                                                                                             ;
+---------------------------+--------------+-------------------------+---------------------+------------------------------------+
; Module Name               ; Elapsed Time ; Average Processors Used ; Peak Virtual Memory ; Total CPU Time (on all processors) ;
+---------------------------+--------------+-------------------------+---------------------+------------------------------------+
; Analysis & Synthesis      ; 00:01:20     ; 1.0                     ; 4906 MB             ; 00:01:42                           ;
; Fitter                    ; 00:00:21     ; 1.1                     ; 5280 MB             ; 00:00:18                           ;
; Assembler                 ; 00:00:04     ; 1.0                     ; 4698 MB             ; 00:00:02                           ;
; TimeQuest Timing Analyzer ; 00:00:07     ; 1.1                     ; 4770 MB             ; 00:00:05                           ;
; Total                     ; 00:01:52     ; --                      ; --                  ; 00:02:07                           ;
+---------------------------+--------------+-------------------------+---------------------+------------------------------------+


+-----------------------------------------------------------------------------------------+
; Flow OS Summary                                                                         ;
+---------------------------+------------------+------------+------------+----------------+
; Module Name               ; Machine Hostname ; OS Name    ; OS Version ; Processor type ;
+---------------------------+------------------+------------+------------+----------------+
; Analysis & Synthesis      ; DESKTOP-LPC7J05  ; Windows 10 ; 10.0       ; x86_64         ;
; Fitter                    ; DESKTOP-LPC7J05  ; Windows 10 ; 10.0       ; x86_64         ;
; Assembler                 ; DESKTOP-LPC7J05  ; Windows 10 ; 10.0       ; x86_64         ;
; TimeQuest Timing Analyzer ; DESKTOP-LPC7J05  ; Windows 10 ; 10.0       ; x86_64         ;
+---------------------------+------------------+------------+------------+----------------+


------------
; Flow Log ;
------------
quartus_map --read_settings_files=on --write_settings_files=off Problema1 -c problema1
quartus_fit --read_settings_files=off --write_settings_files=off Problema1 -c problema1
quartus_asm --read_settings_files=off --write_settings_files=off Problema1 -c problema1
quartus_sta Problema1 -c problema1



